<?xml version="1.0" encoding="UTF-8"?>
<!-- Generated by org.testng.reporters.JUnitXMLReporter -->
<testsuite ignored="0" hostname="DESKTOP-2ODO8DJ" failures="1" tests="2" name="EIDSA App Test" time="92.6" errors="0" timestamp="2023-05-08T13:25:38 IST">
  <testcase classname="com.EIDSA.testCases.TC_0001_IntegrationTesting_Positive" name="RolePrivilege" time="52.206"/>
  <testcase classname="com.EIDSA.testCases.TC_0001_IntegrationTesting_Positive" name="UserPrivilege" time="20.574">
    <failure type="org.openqa.selenium.ElementClickInterceptedException" message="element click intercepted: Element &amp;lt;span class=&amp;quot;multiselect-caret&amp;quot;&amp;gt;&amp;lt;/span&amp;gt; is not clickable at point (1105, 167). Other element would receive the click: &amp;lt;div tabindex=&amp;quot;0&amp;quot; class=&amp;quot;multiselect multiselect-theme&amp;quot; data-v-261d7ab2=&amp;quot;&amp;quot;&amp;gt;...&amp;lt;/div&amp;gt;
  (Session info: chrome=112.0.5615.139)
Build info: version: &amp;apos;4.8.0&amp;apos;, revision: &amp;apos;267030adea&amp;apos;
System info: os.name: &amp;apos;Windows 10&amp;apos;, os.arch: &amp;apos;amd64&amp;apos;, os.version: &amp;apos;10.0&amp;apos;, java.version: &amp;apos;17.0.6&amp;apos;
Driver info: org.openqa.selenium.chrome.ChromeDriver
Command: [e19e990adc3dc1a30b91988936db2062, clickElement {id=a8986106-472c-4ffa-83fd-65bce91bea5f}]
Capabilities {acceptInsecureCerts: false, browserName: chrome, browserVersion: 112.0.5615.139, chrome: {chromedriverVersion: 112.0.5615.49 (bd2a7bcb881c..., userDataDir: C:\Users\lenovo\AppData\Loc...}, goog:chromeOptions: {debuggerAddress: localhost:49403}, networkConnectionEnabled: false, pageLoadStrategy: normal, platformName: WINDOWS, proxy: Proxy(), se:cdp: ws://localhost:49403/devtoo..., se:cdpVersion: 112.0.5615.139, setWindowRect: true, strictFileInteractability: false, timeouts: {implicit: 0, pageLoad: 300000, script: 30000}, unhandledPromptBehavior: dismiss and notify, webauthn:extension:credBlob: true, webauthn:extension:largeBlob: true, webauthn:extension:minPinLength: true, webauthn:extension:prf: true, webauthn:virtualAuthenticators: true}
Element: [[ChromeDriver: chrome on WINDOWS (e19e990adc3dc1a30b91988936db2062)] -&amp;gt; xpath: //*[@id=&amp;quot;page-wrapper&amp;quot;]/div[3]/div/div/div[1]/div/span]
Session ID: e19e990adc3dc1a30b91988936db2062">
      <![CDATA[org.openqa.selenium.ElementClickInterceptedException: element click intercepted: Element <span class="multiselect-caret"></span> is not clickable at point (1105, 167). Other element would receive the click: <div tabindex="0" class="multiselect multiselect-theme" data-v-261d7ab2="">...</div>
  (Session info: chrome=112.0.5615.139)
Build info: version: '4.8.0', revision: '267030adea'
System info: os.name: 'Windows 10', os.arch: 'amd64', os.version: '10.0', java.version: '17.0.6'
Driver info: org.openqa.selenium.chrome.ChromeDriver
Command: [e19e990adc3dc1a30b91988936db2062, clickElement {id=a8986106-472c-4ffa-83fd-65bce91bea5f}]
Capabilities {acceptInsecureCerts: false, browserName: chrome, browserVersion: 112.0.5615.139, chrome: {chromedriverVersion: 112.0.5615.49 (bd2a7bcb881c..., userDataDir: C:\Users\lenovo\AppData\Loc...}, goog:chromeOptions: {debuggerAddress: localhost:49403}, networkConnectionEnabled: false, pageLoadStrategy: normal, platformName: WINDOWS, proxy: Proxy(), se:cdp: ws://localhost:49403/devtoo..., se:cdpVersion: 112.0.5615.139, setWindowRect: true, strictFileInteractability: false, timeouts: {implicit: 0, pageLoad: 300000, script: 30000}, unhandledPromptBehavior: dismiss and notify, webauthn:extension:credBlob: true, webauthn:extension:largeBlob: true, webauthn:extension:minPinLength: true, webauthn:extension:prf: true, webauthn:virtualAuthenticators: true}
Element: [[ChromeDriver: chrome on WINDOWS (e19e990adc3dc1a30b91988936db2062)] -> xpath: //*[@id="page-wrapper"]/div[3]/div/div/div[1]/div/span]
Session ID: e19e990adc3dc1a30b91988936db2062
at org.openqa.selenium.remote.codec.w3c.W3CHttpResponseCodec.createException(W3CHttpResponseCodec.java:200)
at org.openqa.selenium.remote.codec.w3c.W3CHttpResponseCodec.decode(W3CHttpResponseCodec.java:133)
at org.openqa.selenium.remote.codec.w3c.W3CHttpResponseCodec.decode(W3CHttpResponseCodec.java:53)
at org.openqa.selenium.remote.HttpCommandExecutor.execute(HttpCommandExecutor.java:184)
at org.openqa.selenium.remote.service.DriverCommandExecutor.invokeExecute(DriverCommandExecutor.java:167)
at org.openqa.selenium.remote.service.DriverCommandExecutor.execute(DriverCommandExecutor.java:142)
at org.openqa.selenium.remote.RemoteWebDriver.execute(RemoteWebDriver.java:543)
at org.openqa.selenium.remote.RemoteWebElement.execute(RemoteWebElement.java:257)
at org.openqa.selenium.remote.RemoteWebElement.click(RemoteWebElement.java:78)
at com.EIDSA.testCases.TC_0001_IntegrationTesting_Positive.UserPrivilege(TC_0001_IntegrationTesting_Positive.java:105)
at java.base/java.util.ArrayList.forEach(ArrayList.java:1511)
... Removed 32 stack frames]]>
    </failure>
  </testcase> <!-- UserPrivilege -->
</testsuite> <!-- EIDSA App Test -->
