<?xml version="1.0" encoding="UTF-8"?>
<!-- Generated by org.testng.reporters.JUnitXMLReporter -->
<testsuite ignored="0" hostname="DESKTOP-2ODO8DJ" failures="0" tests="13" name="EIDSA App Test" time="257.01" errors="0" timestamp="2023-11-24T17:36:26 IST">
  <testcase classname="com.EIDSA.testCases.TC_011_study_Positive" name="folderCreation" time="26.903"/>
  <testcase classname="com.EIDSA.testCases.TC_011_study_Positive" name="folderEdit" time="13.155"/>
  <testcase classname="com.EIDSA.testCases.TC_011_study_Positive" name="uploadDocument" time="6.58"/>
  <testcase classname="com.EIDSA.testCases.TC_011_study_Positive" name="DocumentNameSearchVerification" time="26.479"/>
  <testcase classname="com.EIDSA.testCases.TC_011_study_Positive" name="DocumentDateSearchVerification" time="15.888"/>
  <testcase classname="com.EIDSA.testCases.TC_011_study_Positive" name="DocumentUploadedBySearchVerification" time="22.889"/>
  <testcase classname="com.EIDSA.testCases.TC_011_study_Positive" name="edit_Doc" time="10.969"/>
  <testcase classname="com.EIDSA.testCases.TC_011_study_Positive" name="view_Doc" time="1.134"/>
  <testcase classname="com.EIDSA.testCases.TC_011_study_Positive" name="setApprover_Doc" time="15.235"/>
  <testcase classname="com.EIDSA.testCases.TC_011_study_Positive" name="Approver_Removal" time="11.672"/>
  <testcase classname="com.EIDSA.testCases.TC_011_study_Positive" name="Download_Doc" time="0.39"/>
  <testcase classname="com.EIDSA.testCases.TC_011_study_Positive" name="Delete_Doc" time="7.501"/>
  <testcase classname="com.EIDSA.testCases.TC_011_study_Positive" name="Delete_Folder" time="9.631"/>
</testsuite> <!-- EIDSA App Test -->
