<?xml version="1.0" encoding="UTF-8"?>
<!-- Generated by org.testng.reporters.JUnitXMLReporter -->
<testsuite ignored="4" hostname="DESKTOP-2ODO8DJ" failures="0" tests="5" name="EIDSA App Test" time="201.89" errors="0" timestamp="2024-01-11T20:30:48 IST">
  <testcase classname="com.EIDSA.testCases.Sanity.TC_007_site_Positive" name="siteCreation" time="33.972"/>
  <testcase classname="com.EIDSA.testCases.Sanity.TC_007_site_Positive" name="siteDelete" time="5.133"/>
  <testcase classname="com.EIDSA.testCases.Sanity.TC_008_Subject_Positive" name="subjectCreation" time="23.494"/>
  <testcase classname="com.EIDSA.testCases.Sanity.TC_008_Subject_Positive" name="schedule" time="27.45"/>
  <testcase classname="com.EIDSA.testCases.Sanity.TC_009_Sub_VisitScheduleList_Positive" name="unsheduledVisitCreation" time="63.955"/>
  <testcase classname="Base.BaseClassTest" name="@AfterTest tearDown" time="0.0">
    <ignored/>
  </testcase> <!-- @AfterTest tearDown -->
  <testcase classname="Base.BaseClassTest" name="@BeforeTest setup" time="0.0">
    <ignored/>
  </testcase> <!-- @BeforeTest setup -->
  <testcase classname="Base.BaseClassTest" name="@AfterTest tearDown" time="0.0">
    <ignored/>
  </testcase> <!-- @AfterTest tearDown -->
  <testcase classname="Base.BaseClassTest" name="@BeforeTest setup" time="0.0">
    <ignored/>
  </testcase> <!-- @BeforeTest setup -->
</testsuite> <!-- EIDSA App Test -->
