<?xml version="1.0" encoding="UTF-8"?>
<!-- Generated by org.testng.reporters.JUnitXMLReporter -->
<testsuite ignored="0" hostname="DESKTOP-2ODO8DJ" failures="0" tests="5" name="EIDSA App Test" time="147.03" errors="0" timestamp="2023-05-02T17:03:16 IST">
  <testcase classname="com.EIDSA.testCases.TC_061_AllQuery_Positive" name="QueryIdSearch" time="27.766"/>
  <testcase classname="com.EIDSA.testCases.TC_061_AllQuery_Positive" name="siteCodeSearch" time="25.217"/>
  <testcase classname="com.EIDSA.testCases.TC_061_AllQuery_Positive" name="subjectIdSearch" time="24.802"/>
  <testcase classname="com.EIDSA.testCases.TC_061_AllQuery_Positive" name="queryStatusSearch" time="22.329"/>
  <testcase classname="com.EIDSA.testCases.TC_061_AllQuery_Positive" name="View" time="16.408"/>
</testsuite> <!-- EIDSA App Test -->
