<?xml version="1.0" encoding="UTF-8"?>
<!-- Generated by org.testng.reporters.JUnitXMLReporter -->
<testsuite ignored="14" hostname="DESKTOP-2ODO8DJ" failures="0" tests="29" name="EIDSA App Test" time="804.108" errors="0" timestamp="2024-01-12T00:55:58 IST">
  <testcase classname="com.EIDSA.testCases.Sanity.TC_001_LoginTest_Positive" name="LoginTest" time="28.933"/>
  <testcase classname="com.EIDSA.testCases.Sanity.TC_002_LoginTest_Negative" name="loginWithInvalidEmailAndPassword" time="30.854"/>
  <testcase classname="com.EIDSA.testCases.Sanity.TC_002_LoginTest_Negative" name="loginWithInvalidUsername" time="25.255"/>
  <testcase classname="com.EIDSA.testCases.Sanity.TC_003_ForgotPasswordOrUsername_Positive" name="forgotPassword" time="18.864"/>
  <testcase classname="com.EIDSA.testCases.Sanity.TC_003_ForgotPasswordOrUsername_Positive" name="forgotUsername" time="25.758"/>
  <testcase classname="com.EIDSA.testCases.Sanity.TC_004_StudyProfile_Positive" name="createStudy" time="11.101"/>
  <testcase classname="com.EIDSA.testCases.Sanity.TC_004_StudyProfile_Positive" name="editStudy" time="8.683"/>
  <testcase classname="com.EIDSA.testCases.Sanity.TC_004_StudyProfile_Positive" name="createTemplate" time="104.219"/>
  <testcase classname="com.EIDSA.testCases.Sanity.TC_004_StudyProfile_Positive" name="createNewVersion" time="42.612"/>
  <testcase classname="com.EIDSA.testCases.Sanity.TC_004_StudyProfile_Positive" name="createVisit" time="17.7"/>
  <testcase classname="com.EIDSA.testCases.Sanity.TC_004_StudyProfile_Positive" name="assignTemplate" time="11.037"/>
  <testcase classname="com.EIDSA.testCases.Sanity.TC_004_StudyProfile_Positive" name="editVisit" time="11.199"/>
  <testcase classname="com.EIDSA.testCases.Sanity.TC_004_StudyProfile_Positive" name="createSite" time="8.624"/>
  <testcase classname="com.EIDSA.testCases.Sanity.TC_004_StudyProfile_Positive" name="createSubject" time="15.612"/>
  <testcase classname="com.EIDSA.testCases.Sanity.TC_004_StudyProfile_Positive" name="retireForm" time="15.898"/>
  <testcase classname="com.EIDSA.testCases.Sanity.TC_005_Users_Positive" name="userCreation" time="32.454"/>
  <testcase classname="com.EIDSA.testCases.Sanity.TC_005_Users_Positive" name="userPrivilege" time="18.117"/>
  <testcase classname="com.EIDSA.testCases.Sanity.TC_005_Users_Positive" name="userDelete" time="9.247"/>
  <testcase classname="com.EIDSA.testCases.Sanity.TC_006_Roles_Positive" name="roleCreation" time="23.028"/>
  <testcase classname="com.EIDSA.testCases.Sanity.TC_006_Roles_Positive" name="roleDelete" time="12.027"/>
  <testcase classname="com.EIDSA.testCases.Sanity.TC_007_Site_Positive" name="siteCreation" time="22.16"/>
  <testcase classname="com.EIDSA.testCases.Sanity.TC_007_Site_Positive" name="siteDelete" time="5.056"/>
  <testcase classname="com.EIDSA.testCases.Sanity.TC_008_Subject_Positive" name="subjectCreation" time="22.559"/>
  <testcase classname="com.EIDSA.testCases.Sanity.TC_008_Subject_Positive" name="schedule" time="18.0"/>
  <testcase classname="com.EIDSA.testCases.Sanity.TC_008_Subject_Positive" name="delete" time="25.595"/>
  <testcase classname="com.EIDSA.testCases.Sanity.TC_009_UnscheduledVisit_Positive" name="unsheduledVisitCreation" time="62.292"/>
  <testcase classname="com.EIDSA.testCases.Sanity.TC_010_FillForm_Positive" name="SaveForm" time="23.777"/>
  <testcase classname="com.EIDSA.testCases.Sanity.TC_010_FillForm_Positive" name="ReviewandSubmitForm" time="21.651"/>
  <testcase classname="com.EIDSA.testCases.Sanity.TC_011_SubmittedForm_Positive" name="clickView" time="18.693"/>
  <testcase classname="Base.BaseClassTest" name="@AfterTest tearDown" time="0.0">
    <ignored/>
  </testcase> <!-- @AfterTest tearDown -->
  <testcase classname="Base.BaseClassTest" name="@BeforeTest setup" time="0.0">
    <ignored/>
  </testcase> <!-- @BeforeTest setup -->
  <testcase classname="Base.BaseClassTest" name="@BeforeTest setup" time="0.0">
    <ignored/>
  </testcase> <!-- @BeforeTest setup -->
  <testcase classname="Base.BaseClassTest" name="@AfterTest tearDown" time="0.0">
    <ignored/>
  </testcase> <!-- @AfterTest tearDown -->
  <testcase classname="Base.BaseClassTest" name="@AfterTest tearDown" time="0.0">
    <ignored/>
  </testcase> <!-- @AfterTest tearDown -->
  <testcase classname="Base.BaseClassTest" name="@AfterTest tearDown" time="0.0">
    <ignored/>
  </testcase> <!-- @AfterTest tearDown -->
  <testcase classname="Base.BaseClassTest" name="@BeforeTest setup" time="0.0">
    <ignored/>
  </testcase> <!-- @BeforeTest setup -->
  <testcase classname="Base.BaseClassTest" name="@AfterTest tearDown" time="0.0">
    <ignored/>
  </testcase> <!-- @AfterTest tearDown -->
  <testcase classname="Base.BaseClassTest" name="@AfterTest tearDown" time="0.0">
    <ignored/>
  </testcase> <!-- @AfterTest tearDown -->
  <testcase classname="Base.BaseClassTest" name="@BeforeTest setup" time="0.0">
    <ignored/>
  </testcase> <!-- @BeforeTest setup -->
  <testcase classname="Base.BaseClassTest" name="@BeforeTest setup" time="0.0">
    <ignored/>
  </testcase> <!-- @BeforeTest setup -->
  <testcase classname="Base.BaseClassTest" name="@AfterTest tearDown" time="0.0">
    <ignored/>
  </testcase> <!-- @AfterTest tearDown -->
  <testcase classname="Base.BaseClassTest" name="@BeforeTest setup" time="0.0">
    <ignored/>
  </testcase> <!-- @BeforeTest setup -->
  <testcase classname="Base.BaseClassTest" name="@BeforeTest setup" time="0.0">
    <ignored/>
  </testcase> <!-- @BeforeTest setup -->
</testsuite> <!-- EIDSA App Test -->
