<?xml version="1.0" encoding="UTF-8"?>
<!-- Generated by org.testng.reporters.JUnitXMLReporter -->
<testsuite ignored="0" hostname="DESKTOP-2ODO8DJ" failures="0" tests="2" name="Default test" time="0.464" errors="0" timestamp="2023-05-15T16:23:13 IST">
  <testcase classname="Base.BaseClassTest" name="@BeforeTest setup" time="-1.684147992891E9">
    <failure type="org.testng.TestNGException" message="
Parameter &amp;apos;browser&amp;apos; is required by BeforeTest on method setup but has not been marked @Optional or defined
in C:\Users\lenovo\AppData\Local\Temp\testng-eclipse-2021241981\testng-customsuite.xml">
      <![CDATA[org.testng.TestNGException: 
Parameter 'browser' is required by BeforeTest on method setup but has not been marked @Optional or defined
in C:\Users\lenovo\AppData\Local\Temp\testng-eclipse-2021241981\testng-customsuite.xml
at org.testng.internal.Parameters.createParams(Parameters.java:270)
at org.testng.internal.Parameters.createParametersForMethod(Parameters.java:358)
at org.testng.internal.Parameters.createParameters(Parameters.java:700)
at org.testng.internal.Parameters.createConfigurationParameters(Parameters.java:168)
at org.testng.internal.ConfigInvoker.invokeConfigurations(ConfigInvoker.java:302)
at org.testng.TestRunner.invokeTestConfigurations(TestRunner.java:637)
at org.testng.TestRunner.beforeRun(TestRunner.java:627)
at org.testng.TestRunner.run(TestRunner.java:589)
at org.testng.SuiteRunner.runTest(SuiteRunner.java:377)
at org.testng.SuiteRunner.runSequentially(SuiteRunner.java:371)
at org.testng.SuiteRunner.privateRun(SuiteRunner.java:332)
at org.testng.SuiteRunner.run(SuiteRunner.java:276)
at org.testng.SuiteRunnerWorker.runSuite(SuiteRunnerWorker.java:53)
at org.testng.SuiteRunnerWorker.run(SuiteRunnerWorker.java:96)
at org.testng.TestNG.runSuitesSequentially(TestNG.java:1212)
at org.testng.TestNG.runSuitesLocally(TestNG.java:1134)
at org.testng.TestNG.runSuites(TestNG.java:1063)
at org.testng.TestNG.run(TestNG.java:1031)
at org.testng.remote.AbstractRemoteTestNG.run(AbstractRemoteTestNG.java:115)
at org.testng.remote.RemoteTestNG.initAndRun(RemoteTestNG.java:251)
at org.testng.remote.RemoteTestNG.main(RemoteTestNG.java:77)
]]>
    </failure>
  </testcase> <!-- @BeforeTest setup -->
  <testcase classname="com.EIDSA.testCases.TC_019_Sub_VisitScheduleList_Positive" name="visitNameSearchValidation" time="0.0">
    <skipped/>
  </testcase> <!-- visitNameSearchValidation -->
  <testcase classname="com.EIDSA.testCases.TC_019_Sub_VisitScheduleList_Positive" name="withdraw" time="0.0">
    <skipped/>
  </testcase> <!-- withdraw -->
</testsuite> <!-- Default test -->
