<?xml version="1.0" encoding="UTF-8"?>
<testng-results ignored="0" total="5" passed="5" failed="0" skipped="0">
  <reporter-output>
  </reporter-output>
  <suite started-at="2024-01-11T20:27:24 IST" name="Medical Application" finished-at="2024-01-11T20:30:46 IST" duration-ms="201890">
    <groups>
    </groups>
    <test started-at="2024-01-11T20:27:24 IST" name="EIDSA App Test" finished-at="2024-01-11T20:30:46 IST" duration-ms="201890">
      <class name="com.EIDSA.testCases.Sanity.TC_007_site_Positive">
        <test-method is-config="true" signature="setup(java.lang.String)[pri:0, instance:com.EIDSA.testCases.Sanity.TC_007_site_Positive@25be7b63]" started-at="2024-01-11T20:27:26 IST" name="setup" finished-at="2024-01-11T20:28:10 IST" duration-ms="44413" status="PASS">
          <params>
            <param index="0">
              <value>
                <![CDATA[chrome]]>
              </value>
            </param>
          </params>
          <reporter-output>
          </reporter-output>
        </test-method> <!-- setup -->
        <test-method signature="siteCreation()[pri:1, instance:com.EIDSA.testCases.Sanity.TC_007_site_Positive@25be7b63]" started-at="2024-01-11T20:28:10 IST" name="siteCreation" finished-at="2024-01-11T20:28:44 IST" duration-ms="33972" status="PASS">
          <reporter-output>
          </reporter-output>
        </test-method> <!-- siteCreation -->
        <test-method signature="siteDelete()[pri:2, instance:com.EIDSA.testCases.Sanity.TC_007_site_Positive@25be7b63]" started-at="2024-01-11T20:28:44 IST" name="siteDelete" finished-at="2024-01-11T20:28:50 IST" duration-ms="5133" status="PASS">
          <reporter-output>
          </reporter-output>
        </test-method> <!-- siteDelete -->
        <test-method is-config="true" signature="tearDown()[pri:0, instance:com.EIDSA.testCases.Sanity.TC_007_site_Positive@25be7b63]" started-at="2024-01-11T20:30:45 IST" name="tearDown" finished-at="2024-01-11T20:30:46 IST" duration-ms="1407" status="PASS">
          <reporter-output>
          </reporter-output>
        </test-method> <!-- tearDown -->
      </class> <!-- com.EIDSA.testCases.Sanity.TC_007_site_Positive -->
      <class name="com.EIDSA.testCases.Sanity.TC_009_Sub_VisitScheduleList_Positive">
        <test-method signature="unsheduledVisitCreation()[pri:1, instance:com.EIDSA.testCases.Sanity.TC_009_Sub_VisitScheduleList_Positive@72bc6553]" started-at="2024-01-11T20:29:41 IST" name="unsheduledVisitCreation" finished-at="2024-01-11T20:30:45 IST" duration-ms="63955" status="PASS">
          <reporter-output>
          </reporter-output>
        </test-method> <!-- unsheduledVisitCreation -->
      </class> <!-- com.EIDSA.testCases.Sanity.TC_009_Sub_VisitScheduleList_Positive -->
      <class name="com.EIDSA.testCases.Sanity.TC_008_Subject_Positive">
        <test-method signature="subjectCreation()[pri:1, instance:com.EIDSA.testCases.Sanity.TC_008_Subject_Positive@536f2a7e]" started-at="2024-01-11T20:28:50 IST" name="subjectCreation" finished-at="2024-01-11T20:29:13 IST" duration-ms="23494" status="PASS">
          <reporter-output>
          </reporter-output>
        </test-method> <!-- subjectCreation -->
        <test-method signature="schedule()[pri:2, instance:com.EIDSA.testCases.Sanity.TC_008_Subject_Positive@536f2a7e]" started-at="2024-01-11T20:29:13 IST" name="schedule" finished-at="2024-01-11T20:29:41 IST" duration-ms="27450" status="PASS">
          <reporter-output>
          </reporter-output>
        </test-method> <!-- schedule -->
      </class> <!-- com.EIDSA.testCases.Sanity.TC_008_Subject_Positive -->
    </test> <!-- EIDSA App Test -->
  </suite> <!-- Medical Application -->
</testng-results>
