<?xml version="1.0" encoding="UTF-8"?>
<testng-results ignored="0" total="1" passed="1" failed="0" skipped="0">
  <reporter-output>
  </reporter-output>
  <suite started-at="2023-05-05T14:59:23 IST" name="Medical Application" finished-at="2023-05-05T15:00:42 IST" duration-ms="78713">
    <groups>
    </groups>
    <test started-at="2023-05-05T14:59:23 IST" name="EIDSA App Test" finished-at="2023-05-05T15:00:42 IST" duration-ms="78713">
      <class name="com.EIDSA.testCases.TC_073_Folder_Document_Positive">
        <test-method is-config="true" signature="setup(java.lang.String)[pri:0, instance:com.EIDSA.testCases.TC_073_Folder_Document_Positive@1b11171f]" started-at="2023-05-05T14:59:25 IST" name="setup" finished-at="2023-05-05T14:59:48 IST" duration-ms="22492" status="PASS">
          <params>
            <param index="0">
              <value>
                <![CDATA[chrome]]>
              </value>
            </param>
          </params>
          <reporter-output>
          </reporter-output>
        </test-method> <!-- setup -->
        <test-method signature="Document()[pri:2, instance:com.EIDSA.testCases.TC_073_Folder_Document_Positive@1b11171f]" started-at="2023-05-05T14:59:49 IST" name="Document" finished-at="2023-05-05T15:00:42 IST" duration-ms="52454" status="PASS">
          <reporter-output>
          </reporter-output>
        </test-method> <!-- Document -->
      </class> <!-- com.EIDSA.testCases.TC_073_Folder_Document_Positive -->
    </test> <!-- EIDSA App Test -->
  </suite> <!-- Medical Application -->
</testng-results>
