<?xml version="1.0" encoding="UTF-8"?>
<testng-results ignored="0" total="1" passed="1" failed="0" skipped="0">
  <reporter-output>
  </reporter-output>
  <suite started-at="2023-10-10T20:53:58 IST" name="Medical Application" finished-at="2023-10-10T20:54:59 IST" duration-ms="61394">
    <groups>
    </groups>
    <test started-at="2023-10-10T20:53:58 IST" name="EIDSA App Test" finished-at="2023-10-10T20:54:59 IST" duration-ms="61394">
      <class name="com.EIDSA.testCases.TC_001_loginTest_Positive">
        <test-method is-config="true" signature="setup(java.lang.String)[pri:0, instance:com.EIDSA.testCases.TC_001_loginTest_Positive@433defed]" started-at="2023-10-10T20:53:59 IST" name="setup" finished-at="2023-10-10T20:54:57 IST" duration-ms="57770" status="PASS">
          <params>
            <param index="0">
              <value>
                <![CDATA[chrome]]>
              </value>
            </param>
          </params>
          <reporter-output>
          </reporter-output>
        </test-method> <!-- setup -->
        <test-method signature="LoginTest()[pri:0, instance:com.EIDSA.testCases.TC_001_loginTest_Positive@433defed]" started-at="2023-10-10T20:54:57 IST" name="LoginTest" finished-at="2023-10-10T20:54:59 IST" duration-ms="2118" status="PASS">
          <reporter-output>
          </reporter-output>
        </test-method> <!-- LoginTest -->
      </class> <!-- com.EIDSA.testCases.TC_001_loginTest_Positive -->
    </test> <!-- EIDSA App Test -->
  </suite> <!-- Medical Application -->
</testng-results>
