<?xml version="1.0" encoding="UTF-8"?>
<testng-results ignored="0" total="1" passed="1" failed="0" skipped="0">
  <reporter-output>
  </reporter-output>
  <suite started-at="2023-04-26T14:46:01 IST" name="Medical Application" finished-at="2023-04-26T14:46:51 IST" duration-ms="50325">
    <groups>
    </groups>
    <test started-at="2023-04-26T14:46:01 IST" name="EIDSA App Test" finished-at="2023-04-26T14:46:51 IST" duration-ms="50325">
      <class name="com.EIDSA.testCases.TC_050_IOTDevices_Positive">
        <test-method is-config="true" signature="setup(java.lang.String)[pri:0, instance:com.EIDSA.testCases.TC_050_IOTDevices_Positive@1b11171f]" started-at="2023-04-26T14:46:03 IST" name="setup" finished-at="2023-04-26T14:46:37 IST" duration-ms="33633" status="PASS">
          <params>
            <param index="0">
              <value>
                <![CDATA[chrome]]>
              </value>
            </param>
          </params>
          <reporter-output>
          </reporter-output>
        </test-method> <!-- setup -->
        <test-method signature="IOTDevices()[pri:1, instance:com.EIDSA.testCases.TC_050_IOTDevices_Positive@1b11171f]" started-at="2023-04-26T14:46:37 IST" name="IOTDevices" finished-at="2023-04-26T14:46:51 IST" duration-ms="13629" status="PASS">
          <reporter-output>
          </reporter-output>
        </test-method> <!-- IOTDevices -->
      </class> <!-- com.EIDSA.testCases.TC_050_IOTDevices_Positive -->
    </test> <!-- EIDSA App Test -->
  </suite> <!-- Medical Application -->
</testng-results>
