<?xml version="1.0" encoding="UTF-8"?>
<testng-results ignored="0" total="5" passed="5" failed="0" skipped="0">
  <reporter-output>
  </reporter-output>
  <suite started-at="2023-05-02T17:00:49 IST" name="Medical Application" finished-at="2023-05-02T17:03:16 IST" duration-ms="147030">
    <groups>
    </groups>
    <test started-at="2023-05-02T17:00:49 IST" name="EIDSA App Test" finished-at="2023-05-02T17:03:16 IST" duration-ms="147030">
      <class name="com.EIDSA.testCases.TC_061_AllQuery_Positive">
        <test-method is-config="true" signature="setup(java.lang.String)[pri:0, instance:com.EIDSA.testCases.TC_061_AllQuery_Positive@55634720]" started-at="2023-05-02T17:00:51 IST" name="setup" finished-at="2023-05-02T17:01:19 IST" duration-ms="27824" status="PASS">
          <params>
            <param index="0">
              <value>
                <![CDATA[chrome]]>
              </value>
            </param>
          </params>
          <reporter-output>
          </reporter-output>
        </test-method> <!-- setup -->
        <test-method signature="QueryIdSearch()[pri:1, instance:com.EIDSA.testCases.TC_061_AllQuery_Positive@55634720]" started-at="2023-05-02T17:01:19 IST" name="QueryIdSearch" finished-at="2023-05-02T17:01:47 IST" duration-ms="27766" status="PASS">
          <reporter-output>
          </reporter-output>
        </test-method> <!-- QueryIdSearch -->
        <test-method signature="siteCodeSearch()[pri:2, instance:com.EIDSA.testCases.TC_061_AllQuery_Positive@55634720]" started-at="2023-05-02T17:01:47 IST" name="siteCodeSearch" finished-at="2023-05-02T17:02:12 IST" duration-ms="25217" status="PASS">
          <reporter-output>
          </reporter-output>
        </test-method> <!-- siteCodeSearch -->
        <test-method signature="subjectIdSearch()[pri:3, instance:com.EIDSA.testCases.TC_061_AllQuery_Positive@55634720]" started-at="2023-05-02T17:02:12 IST" name="subjectIdSearch" finished-at="2023-05-02T17:02:37 IST" duration-ms="24802" status="PASS">
          <reporter-output>
          </reporter-output>
        </test-method> <!-- subjectIdSearch -->
        <test-method signature="queryStatusSearch()[pri:4, instance:com.EIDSA.testCases.TC_061_AllQuery_Positive@55634720]" started-at="2023-05-02T17:02:37 IST" name="queryStatusSearch" finished-at="2023-05-02T17:03:00 IST" duration-ms="22329" status="PASS">
          <reporter-output>
          </reporter-output>
        </test-method> <!-- queryStatusSearch -->
        <test-method signature="View()[pri:5, instance:com.EIDSA.testCases.TC_061_AllQuery_Positive@55634720]" started-at="2023-05-02T17:03:00 IST" name="View" finished-at="2023-05-02T17:03:16 IST" duration-ms="16408" status="PASS">
          <reporter-output>
          </reporter-output>
        </test-method> <!-- View -->
      </class> <!-- com.EIDSA.testCases.TC_061_AllQuery_Positive -->
    </test> <!-- EIDSA App Test -->
  </suite> <!-- Medical Application -->
</testng-results>
